
(20:00:25 29.11.2016) cron не настроен на сервере. вызываем вручную
(20:00:25 29.11.2016) CRON start
(20:00:25 29.11.2016) start - autoupdate
(20:00:26 29.11.2016) end - autoupdate
(20:00:26 29.11.2016) -----------------------

(20:00:26 29.11.2016) start - clear_tmp_dir
(20:00:26 29.11.2016) end - clear_tmp_dir
(20:00:26 29.11.2016) -----------------------

(20:00:26 29.11.2016) start - clear_users_not_verify
(20:00:26 29.11.2016) end - clear_users_not_verify
(20:00:26 29.11.2016) -----------------------

(20:00:26 29.11.2016) start - clear_users_online
(20:00:26 29.11.2016) end - clear_users_online
(20:00:26 29.11.2016) -----------------------

(20:00:26 29.11.2016) start - donate_message
(20:00:26 29.11.2016) end - donate_message
(20:00:26 29.11.2016) -----------------------

(20:00:26 29.11.2016) start - log_archive
(20:00:26 29.11.2016) end - log_archive
(20:00:26 29.11.2016) -----------------------

(20:00:26 29.11.2016) start - log_of_visits
(20:00:26 29.11.2016) end - log_of_visits
(20:00:26 29.11.2016) -----------------------

(20:00:26 29.11.2016) start - mail_queue
(20:00:26 29.11.2016) Начало отправки писем из очереди
(20:00:26 29.11.2016) Очередь писем обработана
(20:00:26 29.11.2016) end - mail_queue
(20:00:26 29.11.2016) -----------------------

(20:00:26 29.11.2016) start - send_stat
(20:00:26 29.11.2016) end - send_stat
(20:00:26 29.11.2016) -----------------------

(20:00:26 29.11.2016) start - send_stat_agree_message
(20:00:26 29.11.2016) end - send_stat_agree_message
(20:00:26 29.11.2016) -----------------------

(20:00:26 29.11.2016) start - sprite
(20:00:26 29.11.2016) Нет данных о текущем спрайте
(20:00:26 29.11.2016) Собираем новый спрайт
(20:00:26 29.11.2016) Новый спрайт собран
(20:00:26 29.11.2016) end - sprite
(20:00:26 29.11.2016) -----------------------

(20:00:26 29.11.2016) CRON finish


(20:00:40 29.11.2016) cron не настроен на сервере. вызываем вручную
(20:00:40 29.11.2016) CRON start
(20:00:40 29.11.2016) start - autoupdate
(20:00:40 29.11.2016) end - autoupdate
(20:00:40 29.11.2016) -----------------------

(20:00:40 29.11.2016) start - clear_tmp_dir
(20:00:40 29.11.2016) end - clear_tmp_dir
(20:00:40 29.11.2016) -----------------------

(20:00:40 29.11.2016) start - clear_users_not_verify
(20:00:40 29.11.2016) end - clear_users_not_verify
(20:00:40 29.11.2016) -----------------------

(20:00:40 29.11.2016) start - clear_users_online
(20:00:40 29.11.2016) end - clear_users_online
(20:00:40 29.11.2016) -----------------------

(20:00:40 29.11.2016) start - donate_message
(20:00:40 29.11.2016) end - donate_message
(20:00:40 29.11.2016) -----------------------

(20:00:40 29.11.2016) start - log_archive
(20:00:40 29.11.2016) end - log_archive
(20:00:40 29.11.2016) -----------------------

(20:00:40 29.11.2016) start - log_of_visits
(20:00:40 29.11.2016) end - log_of_visits
(20:00:40 29.11.2016) -----------------------

(20:00:40 29.11.2016) start - mail_queue
(20:00:40 29.11.2016) Начало отправки писем из очереди
(20:00:40 29.11.2016) Очередь писем обработана
(20:00:40 29.11.2016) end - mail_queue
(20:00:40 29.11.2016) -----------------------

(20:00:40 29.11.2016) start - send_stat
(20:00:40 29.11.2016) end - send_stat
(20:00:40 29.11.2016) -----------------------

(20:00:40 29.11.2016) start - send_stat_agree_message
(20:00:40 29.11.2016) end - send_stat_agree_message
(20:00:40 29.11.2016) -----------------------

(20:00:40 29.11.2016) start - sprite
(20:00:40 29.11.2016) end - sprite
(20:00:40 29.11.2016) -----------------------

(20:00:40 29.11.2016) CRON finish


(20:00:51 29.11.2016) cron не настроен на сервере. вызываем вручную
(20:00:51 29.11.2016) CRON start
(20:00:51 29.11.2016) start - autoupdate
(20:00:51 29.11.2016) end - autoupdate
(20:00:51 29.11.2016) -----------------------

(20:00:51 29.11.2016) start - clear_tmp_dir
(20:00:51 29.11.2016) end - clear_tmp_dir
(20:00:51 29.11.2016) -----------------------

(20:00:51 29.11.2016) start - clear_users_not_verify
(20:00:51 29.11.2016) end - clear_users_not_verify
(20:00:51 29.11.2016) -----------------------

(20:00:51 29.11.2016) start - clear_users_online
(20:00:51 29.11.2016) end - clear_users_online
(20:00:51 29.11.2016) -----------------------

(20:00:51 29.11.2016) start - donate_message
(20:00:51 29.11.2016) end - donate_message
(20:00:51 29.11.2016) -----------------------

(20:00:51 29.11.2016) start - log_archive
(20:00:51 29.11.2016) end - log_archive
(20:00:51 29.11.2016) -----------------------

(20:00:51 29.11.2016) start - log_of_visits
(20:00:51 29.11.2016) end - log_of_visits
(20:00:51 29.11.2016) -----------------------

(20:00:51 29.11.2016) start - mail_queue
(20:00:51 29.11.2016) Начало отправки писем из очереди
(20:00:51 29.11.2016) Очередь писем обработана
(20:00:51 29.11.2016) end - mail_queue
(20:00:51 29.11.2016) -----------------------

(20:00:51 29.11.2016) start - send_stat
(20:00:51 29.11.2016) end - send_stat
(20:00:51 29.11.2016) -----------------------

(20:00:51 29.11.2016) start - send_stat_agree_message
(20:00:51 29.11.2016) end - send_stat_agree_message
(20:00:51 29.11.2016) -----------------------

(20:00:51 29.11.2016) start - sprite
(20:00:51 29.11.2016) end - sprite
(20:00:51 29.11.2016) -----------------------

(20:00:51 29.11.2016) CRON finish


(20:01:06 29.11.2016) cron не настроен на сервере. вызываем вручную
(20:01:06 29.11.2016) CRON start
(20:01:06 29.11.2016) start - autoupdate
(20:01:06 29.11.2016) end - autoupdate
(20:01:06 29.11.2016) -----------------------

(20:01:06 29.11.2016) start - clear_tmp_dir
(20:01:06 29.11.2016) end - clear_tmp_dir
(20:01:06 29.11.2016) -----------------------

(20:01:06 29.11.2016) start - clear_users_not_verify
(20:01:06 29.11.2016) end - clear_users_not_verify
(20:01:06 29.11.2016) -----------------------

(20:01:06 29.11.2016) start - clear_users_online
(20:01:06 29.11.2016) end - clear_users_online
(20:01:07 29.11.2016) -----------------------

(20:01:07 29.11.2016) start - donate_message
(20:01:07 29.11.2016) end - donate_message
(20:01:07 29.11.2016) -----------------------

(20:01:07 29.11.2016) start - log_archive
(20:01:07 29.11.2016) end - log_archive
(20:01:07 29.11.2016) -----------------------

(20:01:07 29.11.2016) start - log_of_visits
(20:01:07 29.11.2016) end - log_of_visits
(20:01:07 29.11.2016) -----------------------

(20:01:07 29.11.2016) start - mail_queue
(20:01:07 29.11.2016) Начало отправки писем из очереди
(20:01:07 29.11.2016) Очередь писем обработана
(20:01:07 29.11.2016) end - mail_queue
(20:01:07 29.11.2016) -----------------------

(20:01:07 29.11.2016) start - send_stat
(20:01:07 29.11.2016) end - send_stat
(20:01:07 29.11.2016) -----------------------

(20:01:07 29.11.2016) start - send_stat_agree_message
(20:01:07 29.11.2016) end - send_stat_agree_message
(20:01:07 29.11.2016) -----------------------

(20:01:07 29.11.2016) start - sprite
(20:01:07 29.11.2016) end - sprite
(20:01:07 29.11.2016) -----------------------

(20:01:07 29.11.2016) CRON finish


(20:01:21 29.11.2016) cron не настроен на сервере. вызываем вручную
(20:01:21 29.11.2016) CRON start
(20:01:21 29.11.2016) start - autoupdate
(20:01:21 29.11.2016) end - autoupdate
(20:01:21 29.11.2016) -----------------------

(20:01:21 29.11.2016) start - clear_tmp_dir
(20:01:21 29.11.2016) end - clear_tmp_dir
(20:01:21 29.11.2016) -----------------------

(20:01:21 29.11.2016) start - clear_users_not_verify
(20:01:21 29.11.2016) end - clear_users_not_verify
(20:01:21 29.11.2016) -----------------------

(20:01:21 29.11.2016) start - clear_users_online
(20:01:21 29.11.2016) end - clear_users_online
(20:01:21 29.11.2016) -----------------------

(20:01:21 29.11.2016) start - donate_message
(20:01:21 29.11.2016) end - donate_message
(20:01:21 29.11.2016) -----------------------

(20:01:21 29.11.2016) start - log_archive
(20:01:21 29.11.2016) end - log_archive
(20:01:21 29.11.2016) -----------------------

(20:01:21 29.11.2016) start - log_of_visits
(20:01:21 29.11.2016) end - log_of_visits
(20:01:21 29.11.2016) -----------------------

(20:01:21 29.11.2016) start - mail_queue
(20:01:21 29.11.2016) Начало отправки писем из очереди
(20:01:21 29.11.2016) Очередь писем обработана
(20:01:21 29.11.2016) end - mail_queue
(20:01:21 29.11.2016) -----------------------

(20:01:21 29.11.2016) start - send_stat
(20:01:21 29.11.2016) end - send_stat
(20:01:21 29.11.2016) -----------------------

(20:01:21 29.11.2016) start - send_stat_agree_message
(20:01:21 29.11.2016) end - send_stat_agree_message
(20:01:21 29.11.2016) -----------------------

(20:01:21 29.11.2016) start - sprite
(20:01:21 29.11.2016) end - sprite
(20:01:21 29.11.2016) -----------------------

(20:01:21 29.11.2016) CRON finish


(20:01:35 29.11.2016) cron не настроен на сервере. вызываем вручную
(20:01:35 29.11.2016) CRON start
(20:01:35 29.11.2016) start - autoupdate
(20:01:35 29.11.2016) end - autoupdate
(20:01:35 29.11.2016) -----------------------

(20:01:36 29.11.2016) start - clear_tmp_dir
(20:01:36 29.11.2016) end - clear_tmp_dir
(20:01:36 29.11.2016) -----------------------

(20:01:36 29.11.2016) start - clear_users_not_verify
(20:01:36 29.11.2016) end - clear_users_not_verify
(20:01:36 29.11.2016) -----------------------

(20:01:36 29.11.2016) start - clear_users_online
(20:01:36 29.11.2016) end - clear_users_online
(20:01:36 29.11.2016) -----------------------

(20:01:36 29.11.2016) start - donate_message
(20:01:36 29.11.2016) end - donate_message
(20:01:36 29.11.2016) -----------------------

(20:01:36 29.11.2016) start - log_archive
(20:01:36 29.11.2016) end - log_archive
(20:01:36 29.11.2016) -----------------------

(20:01:36 29.11.2016) start - log_of_visits
(20:01:36 29.11.2016) end - log_of_visits
(20:01:36 29.11.2016) -----------------------

(20:01:36 29.11.2016) start - mail_queue
(20:01:36 29.11.2016) Начало отправки писем из очереди
(20:01:36 29.11.2016) Очередь писем обработана
(20:01:36 29.11.2016) end - mail_queue
(20:01:36 29.11.2016) -----------------------

(20:01:36 29.11.2016) start - send_stat
(20:01:36 29.11.2016) end - send_stat
(20:01:36 29.11.2016) -----------------------

(20:01:36 29.11.2016) start - send_stat_agree_message
(20:01:36 29.11.2016) end - send_stat_agree_message
(20:01:36 29.11.2016) -----------------------

(20:01:36 29.11.2016) start - sprite
(20:01:36 29.11.2016) end - sprite
(20:01:36 29.11.2016) -----------------------

(20:01:36 29.11.2016) CRON finish


(20:01:47 29.11.2016) cron не настроен на сервере. вызываем вручную
(20:01:47 29.11.2016) CRON start
(20:01:47 29.11.2016) start - autoupdate
(20:01:47 29.11.2016) end - autoupdate
(20:01:47 29.11.2016) -----------------------

(20:01:47 29.11.2016) start - clear_tmp_dir
(20:01:47 29.11.2016) end - clear_tmp_dir
(20:01:47 29.11.2016) -----------------------

(20:01:47 29.11.2016) start - clear_users_not_verify
(20:01:47 29.11.2016) end - clear_users_not_verify
(20:01:47 29.11.2016) -----------------------

(20:01:47 29.11.2016) start - clear_users_online
(20:01:47 29.11.2016) end - clear_users_online
(20:01:47 29.11.2016) -----------------------

(20:01:47 29.11.2016) start - donate_message
(20:01:47 29.11.2016) end - donate_message
(20:01:47 29.11.2016) -----------------------

(20:01:47 29.11.2016) start - log_archive
(20:01:47 29.11.2016) end - log_archive
(20:01:47 29.11.2016) -----------------------

(20:01:47 29.11.2016) start - log_of_visits
(20:01:47 29.11.2016) end - log_of_visits
(20:01:47 29.11.2016) -----------------------

(20:01:47 29.11.2016) start - mail_queue
(20:01:47 29.11.2016) Начало отправки писем из очереди
(20:01:47 29.11.2016) Очередь писем обработана
(20:01:47 29.11.2016) end - mail_queue
(20:01:47 29.11.2016) -----------------------

(20:01:47 29.11.2016) start - send_stat
(20:01:47 29.11.2016) end - send_stat
(20:01:47 29.11.2016) -----------------------

(20:01:47 29.11.2016) start - send_stat_agree_message
(20:01:47 29.11.2016) end - send_stat_agree_message
(20:01:47 29.11.2016) -----------------------

(20:01:47 29.11.2016) start - sprite
(20:01:47 29.11.2016) end - sprite
(20:01:47 29.11.2016) -----------------------

(20:01:47 29.11.2016) CRON finish


(20:02:03 29.11.2016) cron не настроен на сервере. вызываем вручную
(20:02:03 29.11.2016) CRON start
(20:02:03 29.11.2016) start - autoupdate
(20:02:03 29.11.2016) end - autoupdate
(20:02:03 29.11.2016) -----------------------

(20:02:03 29.11.2016) start - clear_tmp_dir
(20:02:03 29.11.2016) end - clear_tmp_dir
(20:02:03 29.11.2016) -----------------------

(20:02:03 29.11.2016) start - clear_users_not_verify
(20:02:03 29.11.2016) end - clear_users_not_verify
(20:02:03 29.11.2016) -----------------------

(20:02:03 29.11.2016) start - clear_users_online
(20:02:03 29.11.2016) end - clear_users_online
(20:02:03 29.11.2016) -----------------------

(20:02:03 29.11.2016) start - donate_message
(20:02:03 29.11.2016) end - donate_message
(20:02:03 29.11.2016) -----------------------

(20:02:03 29.11.2016) start - log_archive
(20:02:03 29.11.2016) end - log_archive
(20:02:03 29.11.2016) -----------------------

(20:02:03 29.11.2016) start - log_of_visits
(20:02:03 29.11.2016) end - log_of_visits
(20:02:03 29.11.2016) -----------------------

(20:02:03 29.11.2016) start - mail_queue
(20:02:03 29.11.2016) Начало отправки писем из очереди
(20:02:03 29.11.2016) Очередь писем обработана
(20:02:03 29.11.2016) end - mail_queue
(20:02:03 29.11.2016) -----------------------

(20:02:03 29.11.2016) start - send_stat
(20:02:03 29.11.2016) end - send_stat
(20:02:03 29.11.2016) -----------------------

(20:02:03 29.11.2016) start - send_stat_agree_message
(20:02:03 29.11.2016) end - send_stat_agree_message
(20:02:03 29.11.2016) -----------------------

(20:02:03 29.11.2016) start - sprite
(20:02:03 29.11.2016) end - sprite
(20:02:03 29.11.2016) -----------------------

(20:02:03 29.11.2016) CRON finish


(20:02:17 29.11.2016) cron не настроен на сервере. вызываем вручную
(20:02:17 29.11.2016) CRON start
(20:02:17 29.11.2016) start - autoupdate
(20:02:17 29.11.2016) end - autoupdate
(20:02:17 29.11.2016) -----------------------

(20:02:17 29.11.2016) start - clear_tmp_dir
(20:02:17 29.11.2016) end - clear_tmp_dir
(20:02:17 29.11.2016) -----------------------

(20:02:17 29.11.2016) start - clear_users_not_verify
(20:02:17 29.11.2016) end - clear_users_not_verify
(20:02:17 29.11.2016) -----------------------

(20:02:17 29.11.2016) start - clear_users_online
(20:02:17 29.11.2016) end - clear_users_online
(20:02:17 29.11.2016) -----------------------

(20:02:17 29.11.2016) start - donate_message
(20:02:17 29.11.2016) end - donate_message
(20:02:17 29.11.2016) -----------------------

(20:02:17 29.11.2016) start - log_archive
(20:02:17 29.11.2016) end - log_archive
(20:02:17 29.11.2016) -----------------------

(20:02:17 29.11.2016) start - log_of_visits
(20:02:17 29.11.2016) end - log_of_visits
(20:02:17 29.11.2016) -----------------------

(20:02:17 29.11.2016) start - mail_queue
(20:02:17 29.11.2016) Начало отправки писем из очереди
(20:02:17 29.11.2016) Очередь писем обработана
(20:02:17 29.11.2016) end - mail_queue
(20:02:17 29.11.2016) -----------------------

(20:02:17 29.11.2016) start - send_stat
(20:02:17 29.11.2016) end - send_stat
(20:02:17 29.11.2016) -----------------------

(20:02:17 29.11.2016) start - send_stat_agree_message
(20:02:17 29.11.2016) end - send_stat_agree_message
(20:02:17 29.11.2016) -----------------------

(20:02:17 29.11.2016) start - sprite
(20:02:17 29.11.2016) end - sprite
(20:02:17 29.11.2016) -----------------------

(20:02:17 29.11.2016) CRON finish


(20:02:32 29.11.2016) cron не настроен на сервере. вызываем вручную
(20:02:32 29.11.2016) CRON start
(20:02:32 29.11.2016) start - autoupdate
(20:02:32 29.11.2016) end - autoupdate
(20:02:32 29.11.2016) -----------------------

(20:02:32 29.11.2016) start - clear_tmp_dir
(20:02:32 29.11.2016) end - clear_tmp_dir
(20:02:32 29.11.2016) -----------------------

(20:02:32 29.11.2016) start - clear_users_not_verify
(20:02:32 29.11.2016) end - clear_users_not_verify
(20:02:32 29.11.2016) -----------------------

(20:02:32 29.11.2016) start - clear_users_online
(20:02:32 29.11.2016) end - clear_users_online
(20:02:32 29.11.2016) -----------------------

(20:02:32 29.11.2016) start - donate_message
(20:02:32 29.11.2016) end - donate_message
(20:02:32 29.11.2016) -----------------------

(20:02:32 29.11.2016) start - log_archive
(20:02:32 29.11.2016) end - log_archive
(20:02:32 29.11.2016) -----------------------

(20:02:32 29.11.2016) start - log_of_visits
(20:02:32 29.11.2016) end - log_of_visits
(20:02:32 29.11.2016) -----------------------

(20:02:32 29.11.2016) start - mail_queue
(20:02:32 29.11.2016) Начало отправки писем из очереди
(20:02:32 29.11.2016) Очередь писем обработана
(20:02:32 29.11.2016) end - mail_queue
(20:02:32 29.11.2016) -----------------------

(20:02:32 29.11.2016) start - send_stat
(20:02:32 29.11.2016) end - send_stat
(20:02:32 29.11.2016) -----------------------

(20:02:32 29.11.2016) start - send_stat_agree_message
(20:02:32 29.11.2016) end - send_stat_agree_message
(20:02:32 29.11.2016) -----------------------

(20:02:32 29.11.2016) start - sprite
(20:02:32 29.11.2016) end - sprite
(20:02:32 29.11.2016) -----------------------

(20:02:32 29.11.2016) CRON finish


(20:02:46 29.11.2016) cron не настроен на сервере. вызываем вручную
(20:02:46 29.11.2016) CRON start
(20:02:46 29.11.2016) start - autoupdate
(20:02:46 29.11.2016) end - autoupdate
(20:02:46 29.11.2016) -----------------------

(20:02:46 29.11.2016) start - clear_tmp_dir
(20:02:46 29.11.2016) end - clear_tmp_dir
(20:02:46 29.11.2016) -----------------------

(20:02:46 29.11.2016) start - clear_users_not_verify
(20:02:46 29.11.2016) end - clear_users_not_verify
(20:02:46 29.11.2016) -----------------------

(20:02:46 29.11.2016) start - clear_users_online
(20:02:46 29.11.2016) end - clear_users_online
(20:02:46 29.11.2016) -----------------------

(20:02:46 29.11.2016) start - donate_message
(20:02:46 29.11.2016) end - donate_message
(20:02:46 29.11.2016) -----------------------

(20:02:46 29.11.2016) start - log_archive
(20:02:46 29.11.2016) end - log_archive
(20:02:46 29.11.2016) -----------------------

(20:02:46 29.11.2016) start - log_of_visits
(20:02:46 29.11.2016) end - log_of_visits
(20:02:46 29.11.2016) -----------------------

(20:02:46 29.11.2016) start - mail_queue
(20:02:46 29.11.2016) Начало отправки писем из очереди
(20:02:47 29.11.2016) Очередь писем обработана
(20:02:47 29.11.2016) end - mail_queue
(20:02:47 29.11.2016) -----------------------

(20:02:47 29.11.2016) start - send_stat
(20:02:47 29.11.2016) end - send_stat
(20:02:47 29.11.2016) -----------------------

(20:02:47 29.11.2016) start - send_stat_agree_message
(20:02:47 29.11.2016) end - send_stat_agree_message
(20:02:47 29.11.2016) -----------------------

(20:02:47 29.11.2016) start - sprite
(20:02:47 29.11.2016) end - sprite
(20:02:47 29.11.2016) -----------------------

(20:02:47 29.11.2016) CRON finish


(20:03:01 29.11.2016) cron не настроен на сервере. вызываем вручную
(20:03:01 29.11.2016) CRON start
(20:03:01 29.11.2016) start - autoupdate
(20:03:01 29.11.2016) end - autoupdate
(20:03:01 29.11.2016) -----------------------

(20:03:01 29.11.2016) start - clear_tmp_dir
(20:03:01 29.11.2016) end - clear_tmp_dir
(20:03:01 29.11.2016) -----------------------

(20:03:01 29.11.2016) start - clear_users_not_verify
(20:03:01 29.11.2016) end - clear_users_not_verify
(20:03:01 29.11.2016) -----------------------

(20:03:01 29.11.2016) start - clear_users_online
(20:03:01 29.11.2016) end - clear_users_online
(20:03:01 29.11.2016) -----------------------

(20:03:01 29.11.2016) start - donate_message
(20:03:01 29.11.2016) end - donate_message
(20:03:01 29.11.2016) -----------------------

(20:03:01 29.11.2016) start - log_archive
(20:03:01 29.11.2016) end - log_archive
(20:03:01 29.11.2016) -----------------------

(20:03:01 29.11.2016) start - log_of_visits
(20:03:01 29.11.2016) end - log_of_visits
(20:03:01 29.11.2016) -----------------------

(20:03:01 29.11.2016) start - mail_queue
(20:03:01 29.11.2016) Начало отправки писем из очереди
(20:03:01 29.11.2016) Очередь писем обработана
(20:03:01 29.11.2016) end - mail_queue
(20:03:01 29.11.2016) -----------------------

(20:03:01 29.11.2016) start - send_stat
(20:03:01 29.11.2016) end - send_stat
(20:03:01 29.11.2016) -----------------------

(20:03:01 29.11.2016) start - send_stat_agree_message
(20:03:01 29.11.2016) end - send_stat_agree_message
(20:03:01 29.11.2016) -----------------------

(20:03:01 29.11.2016) start - sprite
(20:03:01 29.11.2016) end - sprite
(20:03:01 29.11.2016) -----------------------

(20:03:01 29.11.2016) CRON finish


(20:03:18 29.11.2016) cron не настроен на сервере. вызываем вручную
(20:03:18 29.11.2016) CRON start
(20:03:18 29.11.2016) start - autoupdate
(20:03:18 29.11.2016) end - autoupdate
(20:03:18 29.11.2016) -----------------------

(20:03:18 29.11.2016) start - clear_tmp_dir
(20:03:18 29.11.2016) end - clear_tmp_dir
(20:03:18 29.11.2016) -----------------------

(20:03:18 29.11.2016) start - clear_users_not_verify
(20:03:18 29.11.2016) end - clear_users_not_verify
(20:03:18 29.11.2016) -----------------------

(20:03:18 29.11.2016) start - clear_users_online
(20:03:18 29.11.2016) end - clear_users_online
(20:03:18 29.11.2016) -----------------------

(20:03:18 29.11.2016) start - donate_message
(20:03:18 29.11.2016) end - donate_message
(20:03:18 29.11.2016) -----------------------

(20:03:18 29.11.2016) start - log_archive
(20:03:18 29.11.2016) end - log_archive
(20:03:18 29.11.2016) -----------------------

(20:03:18 29.11.2016) start - log_of_visits
(20:03:18 29.11.2016) end - log_of_visits
(20:03:18 29.11.2016) -----------------------

(20:03:18 29.11.2016) start - mail_queue
(20:03:18 29.11.2016) Начало отправки писем из очереди
(20:03:18 29.11.2016) Очередь писем обработана
(20:03:18 29.11.2016) end - mail_queue
(20:03:18 29.11.2016) -----------------------

(20:03:18 29.11.2016) start - send_stat
(20:03:18 29.11.2016) end - send_stat
(20:03:18 29.11.2016) -----------------------

(20:03:18 29.11.2016) start - send_stat_agree_message
(20:03:18 29.11.2016) end - send_stat_agree_message
(20:03:18 29.11.2016) -----------------------

(20:03:18 29.11.2016) start - sprite
(20:03:18 29.11.2016) end - sprite
(20:03:18 29.11.2016) -----------------------

(20:03:18 29.11.2016) CRON finish


(20:03:38 29.11.2016) cron не настроен на сервере. вызываем вручную
(20:03:38 29.11.2016) CRON start
(20:03:38 29.11.2016) start - autoupdate
(20:03:38 29.11.2016) end - autoupdate
(20:03:38 29.11.2016) -----------------------

(20:03:38 29.11.2016) start - clear_tmp_dir
(20:03:38 29.11.2016) end - clear_tmp_dir
(20:03:38 29.11.2016) -----------------------

(20:03:38 29.11.2016) start - clear_users_not_verify
(20:03:38 29.11.2016) end - clear_users_not_verify
(20:03:38 29.11.2016) -----------------------

(20:03:38 29.11.2016) start - clear_users_online
(20:03:38 29.11.2016) end - clear_users_online
(20:03:38 29.11.2016) -----------------------

(20:03:38 29.11.2016) start - donate_message
(20:03:38 29.11.2016) end - donate_message
(20:03:38 29.11.2016) -----------------------

(20:03:38 29.11.2016) start - log_archive
(20:03:38 29.11.2016) end - log_archive
(20:03:38 29.11.2016) -----------------------

(20:03:38 29.11.2016) start - log_of_visits
(20:03:38 29.11.2016) end - log_of_visits
(20:03:38 29.11.2016) -----------------------

(20:03:38 29.11.2016) start - mail_queue
(20:03:38 29.11.2016) Начало отправки писем из очереди
(20:03:38 29.11.2016) Очередь писем обработана
(20:03:38 29.11.2016) end - mail_queue
(20:03:38 29.11.2016) -----------------------

(20:03:38 29.11.2016) start - send_stat
(20:03:38 29.11.2016) end - send_stat
(20:03:38 29.11.2016) -----------------------

(20:03:38 29.11.2016) start - send_stat_agree_message
(20:03:38 29.11.2016) end - send_stat_agree_message
(20:03:38 29.11.2016) -----------------------

(20:03:38 29.11.2016) start - sprite
(20:03:38 29.11.2016) end - sprite
(20:03:38 29.11.2016) -----------------------

(20:03:38 29.11.2016) CRON finish


(20:03:57 29.11.2016) cron не настроен на сервере. вызываем вручную
(20:03:57 29.11.2016) CRON start
(20:03:57 29.11.2016) start - autoupdate
(20:03:57 29.11.2016) end - autoupdate
(20:03:57 29.11.2016) -----------------------

(20:03:57 29.11.2016) start - clear_tmp_dir
(20:03:57 29.11.2016) end - clear_tmp_dir
(20:03:57 29.11.2016) -----------------------

(20:03:57 29.11.2016) start - clear_users_not_verify
(20:03:57 29.11.2016) end - clear_users_not_verify
(20:03:57 29.11.2016) -----------------------

(20:03:57 29.11.2016) start - clear_users_online
(20:03:57 29.11.2016) end - clear_users_online
(20:03:57 29.11.2016) -----------------------

(20:03:57 29.11.2016) start - donate_message
(20:03:57 29.11.2016) end - donate_message
(20:03:57 29.11.2016) -----------------------

(20:03:57 29.11.2016) start - log_archive
(20:03:57 29.11.2016) end - log_archive
(20:03:57 29.11.2016) -----------------------

(20:03:57 29.11.2016) start - log_of_visits
(20:03:57 29.11.2016) end - log_of_visits
(20:03:57 29.11.2016) -----------------------

(20:03:57 29.11.2016) start - mail_queue
(20:03:57 29.11.2016) Начало отправки писем из очереди
(20:03:57 29.11.2016) Очередь писем обработана
(20:03:57 29.11.2016) end - mail_queue
(20:03:57 29.11.2016) -----------------------

(20:03:57 29.11.2016) start - send_stat
(20:03:57 29.11.2016) end - send_stat
(20:03:57 29.11.2016) -----------------------

(20:03:57 29.11.2016) start - send_stat_agree_message
(20:03:57 29.11.2016) end - send_stat_agree_message
(20:03:57 29.11.2016) -----------------------

(20:03:57 29.11.2016) start - sprite
(20:03:57 29.11.2016) end - sprite
(20:03:57 29.11.2016) -----------------------

(20:03:58 29.11.2016) CRON finish


(20:04:17 29.11.2016) cron не настроен на сервере. вызываем вручную
(20:04:17 29.11.2016) CRON start
(20:04:17 29.11.2016) start - autoupdate
(20:04:17 29.11.2016) end - autoupdate
(20:04:17 29.11.2016) -----------------------

(20:04:17 29.11.2016) start - clear_tmp_dir
(20:04:17 29.11.2016) end - clear_tmp_dir
(20:04:17 29.11.2016) -----------------------

(20:04:17 29.11.2016) start - clear_users_not_verify
(20:04:17 29.11.2016) end - clear_users_not_verify
(20:04:17 29.11.2016) -----------------------

(20:04:17 29.11.2016) start - clear_users_online
(20:04:17 29.11.2016) end - clear_users_online
(20:04:17 29.11.2016) -----------------------

(20:04:17 29.11.2016) start - donate_message
(20:04:17 29.11.2016) end - donate_message
(20:04:17 29.11.2016) -----------------------

(20:04:17 29.11.2016) start - log_archive
(20:04:17 29.11.2016) end - log_archive
(20:04:17 29.11.2016) -----------------------

(20:04:17 29.11.2016) start - log_of_visits
(20:04:17 29.11.2016) end - log_of_visits
(20:04:17 29.11.2016) -----------------------

(20:04:17 29.11.2016) start - mail_queue
(20:04:17 29.11.2016) Начало отправки писем из очереди
(20:04:17 29.11.2016) Очередь писем обработана
(20:04:17 29.11.2016) end - mail_queue
(20:04:17 29.11.2016) -----------------------

(20:04:18 29.11.2016) start - send_stat
(20:04:18 29.11.2016) end - send_stat
(20:04:18 29.11.2016) -----------------------

(20:04:18 29.11.2016) start - send_stat_agree_message
(20:04:18 29.11.2016) end - send_stat_agree_message
(20:04:18 29.11.2016) -----------------------

(20:04:18 29.11.2016) start - sprite
(20:04:18 29.11.2016) end - sprite
(20:04:18 29.11.2016) -----------------------

(20:04:18 29.11.2016) CRON finish

